2018-05-01 12:39:53 说点神马吧...........
2018-05-07 15:49:00 正在获取文本2018-05-07 15:50:44 正在获取文本2018-05-07 15:51:54 正在获取文本2018-05-07 15:52:32 正在获取文本2018-05-07 15:57:43 正在获取文本2018-05-07 15:57:57 正在获取文本2018-05-07 17:33:46 正在获取文本2018-05-07 17:34:46 正在获取文本2018-05-07 17:35:03 正在获取文本2018-05-07 17:38:08 正在获取文本
2018-05-07 17:39:40 正在获取文本
2018-05-07 18:22:04 正在获取文本
2018-05-07 18:28:00 正在获取文本
2018-05-07 18:32:14 正在获取文本
2018-05-07 18:37:59 正在获取文本
2018-05-07 18:39:12 正在获取文本
2018-05-07 18:39:14 小龙你好，
2018-05-07 18:39:51 正在获取文本
2018-05-07 18:39:54 小龙你好，
2018-05-07 18:40:33 正在获取文本
2018-05-07 18:40:36 小龙你好，
2018-05-07 18:44:01 正在获取文本
2018-05-07 18:44:03 小楼你好，
2018-05-07 18:47:25 正在获取文本
2018-05-07 18:47:28 小龙你好，
2018-05-08 16:53:10 正在尝试学习面部特征...
2018-05-08 16:53:40 正在尝试学习面部特征...
2018-05-08 22:43:37 正在尝试学习面部特征...
2018-05-08 22:44:08 正在尝试学习面部特征...
2018-05-09 10:27:14 正在尝试学习面部特征...
2018-05-09 10:28:34 正在尝试学习面部特征...
2018-05-09 10:29:55 正在尝试学习面部特征...
2018-05-09 10:33:35 正在尝试学习面部特征...
2018-05-09 10:33:40 已将照片存放在picture文件夹下
2018-05-09 10:33:44 已将照片存放在picture文件夹下
2018-05-09 10:44:13 正在尝试学习面部特征...
2018-05-09 10:49:00 正在尝试学习面部特征...
2018-05-09 10:49:48 已将照片存放在picture文件夹下
2018-05-09 11:01:10 正在尝试学习面部特征...
2018-05-09 11:05:26 正在尝试学习面部特征...
2018-05-09 12:08:05 正在尝试学习面部特征...
2018-05-09 12:08:37 已将照片存放在picture文件夹下
2018-05-09 12:13:04 正在尝试学习面部特征...
2018-05-09 12:13:28 已将照片存放在picture文件夹下
2018-05-09 12:13:39 照片存放于./picture,识别结果:
2018-05-09 15:12:54 正在尝试学习面部特征...
2018-05-09 15:13:30 已将照片存放在picture文件夹下
2018-05-09 15:13:39 照片存放于./picture,识别结果:
2018-05-09 15:21:02 正在尝试学习面部特征...
2018-05-09 15:21:06 已将照片存放在picture文件夹下
2018-05-09 15:21:12 照片存放于./picture,识别结果:
2018-05-09 15:21:23 正在尝试学习面部特征...
2018-05-09 15:21:55 已将照片存放在picture文件夹下
2018-05-09 15:22:03 照片存放于./picture,识别结果:
2018-05-09 15:26:48 正在尝试学习面部特征...
2018-05-09 15:27:12 已将照片存放在picture文件夹下
2018-05-09 15:27:27 照片存放于./picture,识别结果:
2018-05-09 15:31:49 正在尝试学习面部特征...
2018-05-09 15:32:21 已将照片存放在picture文件夹下
2018-05-09 15:32:34 照片存放于./picture,识别结果:
2018-05-09 15:33:08 正在尝试学习面部特征...
2018-05-09 15:34:28 已将照片存放在picture文件夹下
2018-05-09 16:28:04 正在尝试学习面部特征...
2018-05-09 16:28:32 已将照片存放在picture文件夹下
2018-05-09 16:32:32 正在注入证明
2018-05-09 16:33:36 正在尝试学习面部特征...
2018-05-09 16:36:01 已将照片存放在picture文件夹下
2018-05-09 16:36:08 注册成功：lt
2018-05-09 16:59:44 正在尝试学习面部特征...
2018-05-09 17:00:31 已将照片存放在picture文件夹下
2018-05-09 17:00:35 已将照片存放在picture文件夹下
2018-05-09 19:40:45 正在尝试学习面部特征...
2018-05-09 19:41:33 已将照片存放在picture文件夹下
2018-05-09 19:41:35 照片存放于./picture,识别结果:
2018-05-09 19:42:15 正在尝试学习面部特征...
2018-05-09 19:42:34 正在尝试学习面部特征...
2018-05-09 19:42:36 照片存放于./picture,识别结果:
2018-05-09 19:42:36 正在尝试学习面部特征...
2018-05-09 19:42:38 照片存放于./picture,识别结果:
2018-05-09 19:42:43 正在尝试学习面部特征...
2018-05-09 19:42:44 照片存放于./picture,识别结果:
2018-05-09 19:42:44 正在尝试学习面部特征...
2018-05-09 19:42:46 照片存放于./picture,识别结果:
2018-05-09 19:42:46 正在尝试学习面部特征...
2018-05-09 19:42:47 照片存放于./picture,识别结果:
2018-05-09 19:42:47 正在尝试学习面部特征...
2018-05-09 19:42:49 照片存放于./picture,识别结果:
2018-05-09 20:01:54 正在尝试学习面部特征...
2018-05-09 20:22:58 正在获取文本
2018-05-09 20:23:00 你好小龙，
2018-05-09 20:23:12 现在进行人脸识别
2018-05-09 20:23:21 正在获取文本
2018-05-09 20:23:23 你是个智者，
2018-05-09 20:40:58 正在获取文本
2018-05-09 20:40:59 你在干什么？
2018-05-09 20:41:10 正在获取文本
2018-05-09 20:41:12 你在干嘛啊笨在干嘛，
2018-05-09 20:52:13 正在获取文本
2018-05-09 20:52:15 你好小龙，
2018-05-09 20:52:17 现在进行人脸识别
2018-05-09 20:52:25 正在获取文本
2018-05-09 20:52:27 你叫什么名字，
2018-05-09 21:10:46 正在获取文本
2018-05-09 21:10:48 你叫什么名字，
2018-05-09 21:11:01 正在获取文本
2018-05-09 21:11:02 你在干嘛，
2018-05-09 21:21:38 正在获取文本
2018-05-09 21:21:40 你在干嘛，
2018-05-09 21:21:51 正在获取文本
2018-05-09 21:21:57 你叫什么名字，
2018-05-09 21:23:08 正在获取文本
2018-05-09 21:23:10 吃饭了吗？
2018-05-09 21:23:27 正在获取文本
2018-05-09 21:23:28 我么有钱，
2018-05-09 22:10:51 正在获取文本
2018-05-09 22:10:54 你在干嘛，
2018-05-09 22:11:02 正在获取文本
2018-05-09 22:11:06 你吃饭了吗？
2018-05-09 22:11:15 正在获取文本
2018-05-09 22:11:23 你这个智障，
2018-05-09 22:11:36 正在获取文本
2018-05-09 22:11:51 你没认真玩游戏吗？
2018-05-09 22:12:00 正在获取文本
2018-05-09 22:12:44 你是个神经病，
2018-05-09 22:12:51 正在获取文本
2018-05-09 22:54:08 正在获取文本
2018-05-09 22:54:10 你好你好你好你好，
2018-05-09 22:54:25 正在获取文本
2018-05-09 22:54:27 你吃饭了吗？
2018-05-09 22:54:36 正在获取文本
2018-05-09 22:54:38 你是什么呢，
2018-05-09 22:54:48 正在获取文本
2018-05-09 23:01:04 正在获取文本
2018-05-09 23:01:06 不过你是失恋了吗？
2018-05-09 23:01:17 正在获取文本
2018-05-10 15:29:31 获取识别名单
2018-05-10 15:29:31 获取识别名单
2018-05-10 15:29:33 获取识别名单
2018-05-10 15:29:33 获取识别名单
2018-05-10 15:29:33 获取识别名单
2018-05-10 15:29:34 获取识别名单
2018-05-10 15:29:34 获取识别名单
2018-05-10 15:29:34 获取识别名单
2018-05-10 15:29:35 获取识别名单
2018-05-10 15:29:35 获取识别名单
2018-05-10 15:29:35 获取识别名单
2018-05-10 15:29:36 获取识别名单
2018-05-10 15:29:36 获取识别名单
2018-05-10 15:29:37 获取识别名单
2018-05-10 15:29:37 获取识别名单
2018-05-10 15:29:38 获取识别名单
2018-05-10 15:29:39 获取识别名单
2018-05-10 15:29:39 获取识别名单
2018-05-10 15:29:39 获取识别名单
2018-05-10 15:29:40 获取识别名单
2018-05-10 15:29:41 获取识别名单
2018-05-10 15:29:41 获取识别名单
2018-05-10 15:29:44 获取识别名单
2018-05-10 15:29:44 获取识别名单
2018-05-10 15:29:45 获取识别名单
2018-05-10 15:29:45 获取识别名单
2018-05-10 15:29:47 获取识别名单
2018-05-10 15:29:48 获取识别名单
2018-05-10 15:29:49 获取识别名单
2018-05-10 15:29:49 获取识别名单
2018-05-10 15:29:49 获取识别名单
2018-05-10 15:29:49 获取识别名单
2018-05-10 15:29:50 获取识别名单
2018-05-10 15:29:50 获取识别名单
2018-05-10 15:29:50 获取识别名单
2018-05-10 15:29:51 获取识别名单
2018-05-10 15:29:51 获取识别名单
2018-05-10 15:29:51 获取识别名单
2018-05-10 15:29:51 获取识别名单
2018-05-10 15:29:52 获取识别名单
2018-05-10 15:29:52 获取识别名单
2018-05-10 15:29:52 获取识别名单
2018-05-10 15:29:53 获取识别名单
2018-05-10 16:04:08 正在获取人脸库...
2018-05-10 16:04:14 正在获取人脸库...
2018-05-10 16:04:16 正在获取人脸库...
2018-05-10 16:04:17 正在获取人脸库...
2018-05-10 16:07:39 正在获取人脸库...
2018-05-10 23:06:26 正在获取人脸库...
2018-05-10 23:06:36 正在获取人脸库...
2018-05-11 15:46:23 正在获取文本
2018-05-11 15:46:26 小龙你好，
2018-05-11 15:47:27 正在获取文本
2018-05-11 15:47:39 你好小龙，
2018-05-11 15:47:40 现在进行人脸识别
2018-05-11 16:11:22 正在获取人脸库...
2018-05-11 16:11:26 正在获取人脸库...
2018-05-11 16:43:19 正在获取人脸库...
2018-05-11 16:57:22 完成全部学习任务!
2018-05-11 17:02:00 正在获取人脸库...
2018-05-11 17:02:29 完成全部学习任务!
2018-05-12 14:52:18 你在干嘛，
2018-05-12 14:54:16 你叫什么名字，
2018-05-12 14:54:48 今天重庆天气怎么样，
2018-05-12 14:58:43 正在获取人脸库...
2018-05-12 15:00:21 正在获取人脸库...
2018-05-12 15:16:33 完成全部学习任务!
2018-05-12 15:24:41 中国，
2018-05-12 15:24:43 一玉口中国，一瓦顶成家。
2018-05-12 15:49:34 你叫什么名字，
2018-05-12 15:49:57 你怎不说话，
2018-05-12 15:53:20 你叫什么名字，
2018-05-12 15:53:33 听到说话吗？
2018-05-12 15:56:01 你叫什名字，
2018-05-12 15:58:42 我：唉我干啥，
2018-05-12 16:06:12 我：能听到说话吗？
2018-05-12 16:06:14 早就听到了
2018-05-12 16:10:13 我：你叫什么名字，
2018-05-12 16:12:03 我：是天气热，
2018-05-12 16:12:05 热就想想你心里的那个人
2018-05-12 16:12:14 我：天气怎麽样，
2018-05-12 16:12:15 北京:周六 05月12日,小雨 东南风3-4级,最低气温16度，最高气温28度
2018-05-12 16:53:35 正在尝试学习面部特征...
2018-05-12 16:56:32 正在获取人脸库...
2018-05-12 16:57:41 正在尝试学习面部特征...
2018-05-12 16:58:24 已将照片存放在picture文件夹下
2018-05-12 16:59:01 已将照片存放在picture文件夹下
2018-05-12 17:06:31 正在尝试学习面部特征...
2018-05-12 17:07:00 已将照片存放在picture文件夹下
2018-05-12 17:09:42 正在尝试学习面部特征...
2018-05-12 17:09:52 已将照片存放在picture文件夹下
2018-05-12 22:21:46 我：小龙你好，
2018-05-12 22:21:47 现在进行人脸识别
2018-05-12 22:21:48 小龙不在我这儿，你去别地找找。
2018-05-12 22:22:06 我：重庆天气怎样，
2018-05-12 22:22:08 重庆:周六 05月12日,多云 无持续风向微风,最低气温19度，最高气温28度
2018-05-12 22:22:24 我：你叫什么名字，
2018-05-12 22:22:26 我是聪明可爱的ymm，认识你很高兴。
2018-05-12 22:34:22 我：哈喽你好，
2018-05-12 22:34:25 嗨，你有对象了么？
2018-05-12 22:34:38 我：小龙你好哇，
2018-05-12 22:39:30 我：小龙你好，
2018-05-12 22:42:44 我：你好小龙，
2018-05-12 22:42:53 正在尝试学习面部特征...
2018-05-12 22:43:46 我：你好小龙，
2018-05-12 22:43:55 正在尝试学习面部特征...
2018-05-12 22:44:10 已将照片存放在picture文件夹下
2018-05-12 22:44:13 照片存放于./picture,识别结果:
2018-05-12 22:44:22 我：能听到吗？
2018-05-12 22:44:23 我要是说不能你会不会打我？
2018-05-12 22:47:30 我：小龙你好，
2018-05-12 22:47:38 正在尝试学习面部特征...
2018-05-12 22:47:44 已将照片存放在picture文件夹下
2018-05-12 22:47:47 照片存放于./picture,识别结果:
2018-05-12 22:47:58 我：可能就把我认成了周经纬的，
2018-05-12 22:48:02 你觉得呢
2018-05-12 22:49:14 正在获取人脸库...
2018-05-12 22:49:45 正在尝试学习面部特征...
2018-05-12 22:49:50 已将照片存放在picture文件夹下
2018-05-12 22:52:28 正在尝试学习面部特征...
2018-05-12 22:53:02 已将照片存放在picture文件夹下
2018-05-12 22:53:04 照片存放于./picture,识别结果:
2018-05-12 22:56:08 正在尝试学习面部特征...
2018-05-12 22:56:41 已将照片存放在picture文件夹下
2018-05-12 22:56:43 照片存放于./picture,识别结果:
2018-05-12 22:56:56 正在获取人脸库...
2018-05-12 22:57:29 正在尝试学习面部特征...
2018-05-12 22:57:34 已将照片存放在picture文件夹下
2018-05-13 09:45:29 学习任务未完成:
2018-05-13 09:58:45 学习任务未完成:
2018-05-13 10:07:59 学习任务未完成:
2018-05-13 10:09:53 正在尝试学习面部特征...
2018-05-13 10:10:15 已将照片存放在picture文件夹下
2018-05-13 10:14:01 学习任务未完成:
2018-05-13 10:27:48 正在尝试学习面部特征...
2018-05-13 10:28:53 已将照片存放在picture文件夹下
2018-05-13 10:28:56 注册成功：梁涛
2018-05-13 10:28:56 完成全部学习任务!
2018-05-13 10:29:07 正在尝试学习面部特征...
2018-05-13 10:29:34 已将照片存放在picture文件夹下
2018-05-13 10:29:36 照片存放于./picture,识别结果:
2018-05-13 10:30:57 正在尝试学习面部特征...
2018-05-13 10:31:20 已将照片存放在picture文件夹下
2018-05-13 10:31:22 注册成功：张甜
2018-05-13 10:31:22 完成全部学习任务!
2018-05-13 10:31:28 正在尝试学习面部特征...
2018-05-13 10:32:03 已将照片存放在picture文件夹下
2018-05-13 10:32:08 照片存放于./picture,识别结果:
2018-05-13 15:40:50 我：你好小龙，
2018-05-13 15:41:07 正在尝试学习面部特征...
2018-05-13 15:43:18 我：你在干什么？
2018-05-13 15:43:21 专心致志，一心一意的陪你聊天。
2018-05-13 15:43:32 我：你多大啦，
2018-05-13 15:43:33 我18了，虽然岁月不会给我留下皱纹，但是会留下点灰。
2018-05-13 15:43:47 我：你有男朋友吗？
2018-05-13 15:43:48 我这么有魅力，当然是单身了啊。
2018-05-13 15:44:06 我：能听到吗？
2018-05-13 15:44:07 我要是说不能你会不会打我？
2018-05-13 16:06:13 我：你多大啦，
2018-05-13 16:06:16 我18岁啦，我用美好的年纪守护美好的你
2018-05-13 16:06:29 我：你老爸是谁，
2018-05-13 16:06:31 《父子雄兵》《老爸》MV戳北漂泪点 中国式父子说不出口的爱
《父子雄兵》大鹏乔杉张天爱晒老爸合照 乔杉十年前竟有尖下巴
由大鹏监制兼主演,导演袁卫东、编剧苏亮联袂打造,范伟、张天爱、乔杉共同主演的暑期必看喜剧电影《父子雄兵》将于今年7月21日暑期档通关上映。近日《父子雄兵》发布了影片片尾曲MV《老爸》,大鹏张天爱乔杉纷纷晒出与老爸合影,更有一众北漂青年受访回忆与老爸的一点一滴,动情表白老爸我想抱抱你”。看过电影的观众表示离家在外的人很容易被《父子雄兵》里大鹏和范伟演绎的父子情深所打动,片尾曲里揪心的老爸,我现在好想抱你一下”更是把这种感情推到了顶峰,让人忍不住潸然泪下。

大鹏张天爱乔杉晒父亲亲密合照 北漂青年忆父亲哽咽泪崩
在电影《父子雄兵》的片尾,展示了各位主创与父亲的独家合影,这些合影也悉数出现在MV中,引出了一个个北漂青年回忆老爸的泪崩时刻。受访者均为平凡的大众,年龄从70后到80、90后,他们奋斗在各个行业之中,因为不同的原因背井离乡,无法陪伴在老爸身边。但相同的是,提起老爸他们都有说不完的话,特别倔”、倍儿邋遢”、不觉得自己老”,画面一帧帧仿佛就在眼前。情到浓处,不少人更红了眼眶,对镜头诉说,爸爸我要抱抱你”、老爸我想你了”、谢谢你”,歌曲演唱者常石磊也惊喜出现,对镜头深情表白,老爸,你开开心心就行,我都很好”。
编剧苏亮的父亲曾经是位缉毒队的刑警,他透露自己在写剧本时带入了与父亲的感情。电影中范伟饰演的范英雄”从云南回京时暂时失明,和范小兵和解的那个片段,他原本设计了很多讲道理的台词,但感觉都不对,最后就变成沉默的”没什么对白的”的更适合中国式父子关系的最终版本。拍摄时范伟老师可能情绪到了,即兴亲了大鹏额头,动作笨拙,而大鹏则表情尴尬,同样应和了不善言辞的中国式父子关系。

范伟夸大鹏周到让老爹高兴” 王岳伦看完电影想给老爸打电话
大鹏与范伟首次合作出演父子档,俩人不仅外形像,性格也很像。镜头前张牙舞爪,为了角色什么都能豁出去,但镜头之外,俩人内向、害羞,就连大鹏的父亲来到片场,都笑称范伟比他更像大鹏的爸爸。范伟也不止一次在公开场合夸奖过大鹏很周到,每次在外路演,只要大鹏看到夸电影的好文章好信息都会给他发过去,惦记老爹,让老爹高兴。”
不少明星好友对于电影中的父子情也深有感触,王岳伦导演想起跟父亲虽然常见面,但沟通的特别少,看完电影就想就马上打个电话,有时间陪陪父亲。作为父亲的朱时茂想起了自己的儿子,他透露与儿子相处的模式就是像好朋友一样的关系,我对儿子是很宽松的,从不要求他一定做什么,凡事商量着来”,即使俩人对事情看法有争议,也不会干涉儿子的想法。
电影《父子雄兵》讲述了怀揣梦想的范小兵连累老爹范英雄一起卷入债务纠纷,父子二人在一系列啼笑皆非的生死考验中,消除隔阂最终联手打BOSS的故事。该片由万达影视传媒有限公司、上海他城影业有限公司出品,北京光线影业有限公司、霍尔果斯喜天影业有限公司 以及上海儒意影视制作有限公司联合出品,五洲电影发行进行全国发行推广,电影将于2017年7月21日全国上映。
2018-05-13 16:06:42 我：在干嘛，
2018-05-13 16:06:43 吃饭饭，睡觉觉，打豆豆。
2018-05-13 16:29:49 我：你好小龙，
2018-05-13 16:29:57 正在尝试学习面部特征...
2018-05-13 16:33:41 我：天气怎么样，
2018-05-13 16:33:44 新乡:周日 05月13日,阴转晴 南风3-4级,最低气温18度，最高气温30度
2018-05-13 16:34:07 我：今天有雨吗？
2018-05-13 16:34:08 新乡:周日 05月13日,阴转晴 南风3-4级,最低气温18度，最高气温30度
2018-05-13 16:34:25 我：重庆天气怎么样，
2018-05-13 16:34:27 重庆:周日 05月13日,晴转多云 无持续风向微风,最低气温18度，最高气温31度
2018-05-13 16:34:43 我：你好小龙，
2018-05-13 16:34:50 正在尝试学习面部特征...
2018-05-13 16:36:30 正在尝试学习面部特征...
2018-05-13 16:36:33 照片存放于./picture,识别结果:
2018-05-13 16:36:46 正在尝试学习面部特征...
2018-05-13 16:36:48 照片存放于./picture,识别结果:
2018-05-13 16:38:55 我：你好小龙，
2018-05-13 16:39:03 正在尝试学习面部特征...
2018-05-13 16:39:47 我：你好小龙，
2018-05-13 16:39:55 正在尝试学习面部特征...
2018-05-13 16:40:05 已将照片存放在picture文件夹下
2018-05-13 16:40:06 照片存放于./picture,识别结果:
2018-05-13 16:40:18 我：你认错人了，
2018-05-13 16:40:19 真的认错人了
2018-05-13 16:43:26 正在尝试学习面部特征...
2018-05-13 16:44:04 已将照片存放在picture文件夹下
2018-05-13 16:44:06 照片存放于./picture,识别结果:
2018-05-13 16:44:31 我：你好小龙，
2018-05-13 16:44:40 正在尝试学习面部特征...
2018-05-13 16:46:09 正在尝试学习面部特征...
2018-05-13 16:46:10 照片存放于./picture,识别结果:
2018-05-13 16:46:25 正在尝试学习面部特征...
2018-05-13 16:46:28 照片存放于./picture,识别结果:
2018-05-13 16:57:10 我：只抽只，
2018-05-13 16:57:28 没抽过的说
2018-05-13 16:57:37 我：今天星期几，
2018-05-13 16:57:47 2018年05月13日,Sun
2018-05-13 16:57:59 我：你好小龙，
2018-05-13 16:58:06 正在尝试学习面部特征...
2018-05-13 18:57:14 我：你好小龙，
2018-05-13 18:57:22 正在尝试学习面部特征...
2018-05-13 18:58:17 正在尝试学习面部特征...
2018-05-13 18:58:20 照片存放于./picture,识别结果:
2018-05-13 18:59:30 正在尝试学习面部特征...
2018-05-13 19:00:12 已将照片存放在picture文件夹下
2018-05-13 19:00:14 照片存放于./picture,识别结果:
2018-05-13 19:00:44 我：你好小龙，
2018-05-13 19:00:52 正在尝试学习面部特征...
2018-05-13 19:07:19 我：你好小龙，
2018-05-13 19:07:27 正在尝试学习面部特征...
2018-05-13 19:16:58 我：你好小龙，
2018-05-13 19:17:00 正在尝试学习面部特征...
2018-05-13 19:19:12 我：你好小龙，然后的，
2018-05-13 19:19:13 正在尝试学习面部特征...
2018-05-13 19:21:12 我：你好小龙，
2018-05-13 19:21:14 正在尝试学习面部特征...
2018-05-13 19:22:05 已将照片存放在picture文件夹下
2018-05-13 19:22:07 照片存放于./picture,识别结果:
2018-05-13 19:22:16 我：你刚刚怎么坏掉了，
2018-05-13 19:22:17 那抓紧去修好啊！
2018-05-13 19:32:06 我：你叫什么名字，
2018-05-13 19:32:08 我是聪明可爱的ymm，认识你很高兴。
2018-05-13 19:32:21 我：你好小龙，
2018-05-13 19:32:28 正在尝试学习面部特征...
2018-05-13 19:33:01 已将照片存放在picture文件夹下
2018-05-13 19:33:04 照片存放于./picture,识别结果:
2018-05-13 19:33:12 我：你好，
2018-05-13 19:33:13 又见面啦！
2018-05-13 21:19:02 我：吃饭了么？
2018-05-13 21:20:29 我：这天不错，
2018-05-13 21:20:32 我这么负责人的人，你还不放心？
2018-05-13 21:20:44 我：溜bing吗？
2018-05-13 21:20:46 逃得了和尚，逃不了方丈。
2018-05-13 21:20:58 我：在干嘛，
2018-05-13 21:20:59 吃饭饭，睡觉觉，打豆豆。
2018-05-13 21:21:11 我：你好小龙，
2018-05-13 21:21:18 正在尝试学习面部特征...
2018-05-13 21:21:55 已将照片存放在picture文件夹下
2018-05-13 21:21:57 照片存放于./picture,识别结果:
2018-05-13 21:43:41 我：小龙你好，
2018-05-13 21:43:49 正在尝试学习面部特征...
2018-05-13 21:44:41 已将照片存放在picture文件夹下
2018-05-13 21:44:43 照片存放于./picture,识别结果:
2018-05-13 21:45:03 我：小龙你好，
2018-05-13 22:16:43 我：哈喽你好，
2018-05-13 22:16:50 嗨，你有对象了么？
2018-05-13 22:17:02 我：小龙你好，
2018-05-13 22:17:08 正在尝试学习面部特征...
2018-05-13 22:17:18 已将照片存放在picture文件夹下
2018-05-13 22:17:21 照片存放于./picture,识别结果:
2018-05-13 22:17:36 我：小龙你好，
2018-05-13 22:17:43 正在尝试学习面部特征...
2018-05-13 22:18:20 已将照片存放在picture文件夹下
2018-05-13 22:18:23 照片存放于./picture,识别结果:
2018-05-13 22:21:31 我：老婆，
2018-05-13 22:21:34 别乱叫啊！
2018-05-13 22:21:41 我：小龙你好，
2018-05-13 22:21:47 正在尝试学习面部特征...
2018-05-13 22:22:16 已将照片存放在picture文件夹下
2018-05-13 22:22:17 照片存放于./picture,识别结果:
2018-05-13 22:24:43 我：小龙你好，
2018-05-13 22:24:51 正在尝试学习面部特征...
2018-05-13 22:25:00 已将照片存放在picture文件夹下
2018-05-13 22:25:02 照片存放于./picture,识别结果:
2018-05-13 22:26:42 我：小吴你好，
2018-05-13 22:26:46 几天不见，想我了吧！
2018-05-13 22:26:54 我：小龙你好，
2018-05-13 22:27:01 正在尝试学习面部特征...
2018-05-13 22:27:10 已将照片存放在picture文件夹下
2018-05-13 22:27:13 照片存放于./picture,识别结果:
2018-05-13 22:27:40 我：你好小龙，
2018-05-13 22:27:46 正在尝试学习面部特征...
2018-05-13 22:28:00 已将照片存放在picture文件夹下
2018-05-13 22:28:02 照片存放于./picture,识别结果:
2018-05-13 22:30:13 我：你好小龙，
2018-05-13 22:30:21 正在尝试学习面部特征...
2018-05-13 22:30:49 已将照片存放在picture文件夹下
2018-05-13 22:30:51 照片存放于./picture,识别结果:
2018-05-13 22:55:04 我：今天天气怎么样，
2018-05-13 22:55:08 新乡:周日 05月13日,阴转晴 南风3-4级,最低气温18度，最高气温30度
2018-05-14 09:52:20 我：今天天气怎么样，
2018-05-14 09:57:02 我：今日天气怎么样，
2018-05-14 10:00:22 我：天气怎么呀，
2018-05-14 10:00:24 重庆:周一 05月14日,多云 无持续风向微风,最低气温22度，最高气温35度
2018-05-14 10:07:00 我：天气怎么样，
2018-05-14 10:07:02 重庆:周一 05月14日,多云 无持续风向微风,最低气温22度，最高气温35度
2018-05-14 10:09:25 我：天气怎么样，
2018-05-14 10:09:27 重庆:周一 05月14日,多云 无持续风向微风,最低气温22度，最高气温35度
2018-05-14 10:09:43 我：去死吧，
2018-05-14 10:09:44 嘤嘤嘤，一肚子的委屈都要溢出来了。
2018-05-14 14:32:33 我：听着列车，
2018-05-14 14:32:36 这是要开往哪里的呀。
2018-05-14 14:32:45 我：重庆到北京的列车，
2018-05-14 14:34:33 我：重庆到北京的列车，
2018-05-14 14:36:48 我：重庆到北京的列车，
2018-05-14 14:37:33 我：晕死怎么做，
2018-05-14 14:37:33 老铁你怎么啦，要不要我送你上医院？
2018-05-14 14:37:43 我：鱼香肉丝怎么做，
2018-05-14 14:59:21 我：你先试试怎么做，
2018-05-14 14:59:24 已经试过了
2018-05-14 14:59:33 我：加入是好吃吧，
2018-05-14 14:59:34 喜欢吃甜食哈
2018-05-14 14:59:42 我：鱼香肉丝怎么做，
2018-05-14 15:01:00 我：到北京的列车，
2018-05-14 15:01:15 我：鱼香肉丝怎么做，
2018-05-14 15:05:03 我：怎么做，
2018-05-14 15:05:06 《怎么做》是一款运行于PC平台上的休闲小游戏。
2018-05-14 15:05:19 我：鱼香肉丝怎么做，
2018-05-14 15:05:32 我：我要看新闻，
2018-05-14 15:06:19 我：重庆到北京的火车，
2018-05-14 15:10:21 我：被守尸，
2018-05-14 15:10:23 如果我知道，你不说我也要说的
2018-05-14 15:10:34 我：被收拾咯，
2018-05-14 15:10:35 你在收拾什么
2018-05-14 15:10:42 我：一首古诗，
2018-05-14 15:10:43 两只黄鹂鸣翠柳，我连情人都没有。。
2018-05-14 15:10:56 我：唱个歌，
2018-05-14 15:10:57 妹妹你坐船头啊，哥哥你水里游！
2018-05-14 15:11:09 我：到，
2018-05-14 15:11:10 哪凉快呆哪去。
2018-05-14 15:11:22 我：嗯的，感情了还录音了，
2018-05-14 15:11:23 唉，走到哪里都有狗粮吃呀。
2018-05-14 15:19:40 我：我在厂里工官网，
2018-05-14 15:19:43 有了官网，就可以开开心心上网啦。
2018-05-14 15:20:11 我：呵呵，
2018-05-14 15:20:13 流言止于智者，聊天止于呵呵。。。
2018-05-14 15:20:27 我：天打开重庆理工大学官网，
2018-05-14 15:20:28 www.cqut.edu.cn
2018-05-14 15:21:14 我：你叫什名字，
2018-05-14 15:21:24 你叫啥名字呢
2018-05-14 15:21:58 我：你叫什么名字，
2018-05-14 15:21:59 我是聪明可爱的小龙，认识你很高兴。
2018-05-14 20:36:44 我：理工大学官网，
2018-05-14 20:38:50 我：教授名字，
2018-05-14 20:39:58 我：你叫什么名字，
2018-05-14 20:40:03 我是聪明可爱的小龙，认识你很高兴。
2018-05-14 20:40:17 我：打开重庆理工大学官网，
2018-05-14 20:40:29 我：我想看电视，
2018-05-14 20:40:30 影评还是不错的，可以看看~
2018-05-14 20:40:40 我：鱼香肉丝怎么做，
2018-05-14 20:40:53 我：你好小龙，
2018-05-14 20:40:59 正在尝试学习面部特征...
2018-05-14 20:41:28 已将照片存放在picture文件夹下
2018-05-14 20:41:30 照片存放于./picture,识别结果:
2018-05-14 20:45:00 我：流量就关网，
2018-05-14 20:45:02 没网的日子该如何是好。
2018-05-14 20:45:13 我：理工大学官网，
2018-05-14 20:45:22 我：理工大学官网，
2018-05-14 20:45:35 我：红烧茄子怎么做，
2018-05-14 20:52:20 我：重庆理工大学官网，
2018-05-14 20:58:43 我：打开重理工官网，
2018-05-14 20:58:59 www.cqut.edu.cn
2018-05-14 20:59:12 我：开重庆理工大学官网，
2018-05-14 21:02:32 正在尝试学习面部特征...
2018-05-14 21:03:32 已将照片存放在picture文件夹下
2018-05-14 21:03:34 注册成功：梁
2018-05-14 21:03:34 完成全部学习任务!
2018-05-20 16:56:03 正在尝试学习面部特征...
2018-05-20 16:56:49 已将照片存放在picture文件夹下
2018-05-20 16:56:51 照片存放于./picture,识别结果:
2018-05-20 16:57:14 我：你爸爸是谁，
2018-05-20 16:57:17 当然是帅气的涛涛啦
2018-05-20 16:57:27 我：你们画室，
2018-05-20 16:57:28 将来一定是个大画家！
2018-05-20 16:57:35 我：你妈妈是谁，
2018-05-20 16:57:36 我是石头缝里蹦出来的，只有爸爸，没有妈妈
2018-05-20 16:57:49 我：今儿天气怎么样，
2018-05-20 16:57:50 重庆:周日 05月20日,小雨 无持续风向微风,最低气温23度，最高气温31度
2018-05-20 19:28:05 正在尝试学习面部特征...
2018-05-20 19:28:40 已将照片存放在picture文件夹下
2018-05-20 19:28:42 照片存放于./picture,识别结果:
2018-05-20 19:30:39 正在尝试学习面部特征...
2018-05-20 19:31:14 已将照片存放在picture文件夹下
2018-05-20 19:31:16 照片存放于./picture,识别结果:
2018-05-20 19:35:45 正在尝试学习面部特征...
2018-05-20 19:36:32 已将照片存放在picture文件夹下
2018-05-20 19:36:33 注册成功：杨涛
2018-05-20 19:36:33 完成全部学习任务!
2018-05-22 11:10:26 正在尝试学习面部特征...
2018-05-22 11:10:30 已将照片存放在picture文件夹下
2018-05-22 11:10:32 注册成功：张东
2018-05-22 11:10:32 完成全部学习任务!
2018-05-22 11:10:48 正在尝试学习面部特征...
2018-05-22 11:10:56 已将照片存放在picture文件夹下
2018-05-22 11:10:57 照片存放于./picture,识别结果:
2018-05-22 11:11:38 我：你来电了，
2018-05-22 11:11:39 恩，是的呀
2018-05-22 11:11:57 我：然后他爸是谁，
2018-05-22 11:11:58 他爹是我
2018-05-22 11:12:05 我：听，
2018-05-22 11:12:06 你求我我就听。
2018-05-22 11:14:16 我：你加上名字，
2018-05-22 11:14:17 我是丽颖的乖宝宝呀，丽颖不记得人家了吗？
2018-05-22 11:14:43 我：六字品牌，
2018-05-22 11:14:44 读书认字还是比较基础的。
2018-05-22 11:14:57 我：五分钟了，你叫什么名字呀，
2018-05-22 11:14:57 人见人爱的ymm，记住了吧～
2018-05-22 11:15:11 我：肉丝怎么做，
2018-05-22 11:15:12 肉丝的口感还不错呀。
2018-05-22 11:15:26 我：那为什么没录清出来正常路线了，鱼香肉丝怎么做，
2018-05-22 11:15:27 不是你吗
2018-05-22 11:15:40 我：大概一两秒我就听着我也正准备买这个翻译成汉语然后去，
2018-05-22 11:15:41 About one or two seconds I listen I'm ready to buy this, too
2018-05-22 11:15:55 我：纪念日来着然后的话还有一个就是，
2018-05-22 11:15:56 是得好好的庆祝一下了呢。
2018-05-22 11:16:39 正在尝试学习面部特征...
2018-05-22 11:16:43 已将照片存放在picture文件夹下
2018-05-22 11:16:45 注册成功：王源媛
2018-05-22 11:16:45 完成全部学习任务!
2018-05-22 11:17:02 正在尝试学习面部特征...
2018-05-22 11:17:07 已将照片存放在picture文件夹下
2018-05-22 11:17:08 照片存放于./picture,识别结果:
2018-05-22 11:17:25 正在尝试学习面部特征...
2018-05-22 11:17:29 已将照片存放在picture文件夹下
2018-05-22 11:17:31 照片存放于./picture,识别结果:
2018-05-22 11:18:08 正在尝试学习面部特征...
2018-05-22 11:18:32 已将照片存放在picture文件夹下
2018-05-22 11:18:33 注册成功：袁媛
2018-05-22 11:18:33 完成全部学习任务!
2018-05-22 11:18:44 正在尝试学习面部特征...
2018-05-22 11:19:15 已将照片存放在picture文件夹下
2018-05-22 11:19:16 照片存放于./picture,识别结果:
2018-05-22 11:19:37 我：你叫什么名字，
2018-05-22 11:19:38 我是聪明可爱的小龙，认识你很高兴。
2018-05-22 11:19:48 我：鱼香肉丝怎么做，
2018-05-22 11:20:06 我：重庆到北京的火车票，
2018-05-22 11:20:24 我：我想看新闻，
2018-05-22 11:20:42 我：你爸爸是谁，
2018-05-22 11:20:43 当然是帅气的涛涛啦
2018-05-22 11:20:51 我：奥也是结束，
2018-05-22 11:20:51 还有再开始的可能吗？
2018-05-22 11:21:01 我：没药了，
2018-05-22 11:21:01 我也没病。
2018-05-22 11:21:09 我：打开重庆理工大学官网，
2018-05-22 11:21:23 我：你好小龙，
2018-05-22 11:21:36 正在尝试学习面部特征...
2018-05-22 11:21:56 已将照片存放在picture文件夹下
2018-05-22 22:01:27 删除成功：user2
2018-05-22 22:05:52 删除成功：zhou0
